<?xml version="1.0" encoding="UTF-8"?><testsuite errors="1" failures="0" name="Agregar productos al carrito de compras." skipped="0" tests="1" time="0.43" timestamp="2019-09-14 01:20:29"><testcase name="Ingresar a la pagina web de PLAZA VEA y agregar un televisor al carrito de compras"><error type="java.lang.NullPointerException"/><system-err>null&#13;
com.google.www.stepdefinitions.agregarTvStepDefinitions.elUsuarioEstaEnLaPaginaPrincipal(agregarTvStepDefinitions.java:19)&#13;
✽.El usuario esta en la pagina principal(src/test/resources/features/compraTv.feature:3)&#13;
</system-err></testcase></testsuite>