<?xml version="1.0" encoding="UTF-8"?><testsuite errors="1" failures="0" name="Agregar productos al carrito de compras" skipped="0" tests="1" time="77.89" timestamp="2019-09-15 04:20:08"><testcase name="Ingresar a la pagina web de PLAZA VEA y agregar un televisor al carrito de compras"><error message="element click intercepted: Element &lt;a href=&quot;#&quot; class=&quot;ProductCard__buttons__button&quot; id=&quot;ProductCard__add-to-cart&quot;&gt;...&lt;/a&gt; is not clickable at point (605, 557). Other element would receive the click: &lt;div class=&quot;ProductCard__content__Instock&quot;&gt;...&lt;/div&gt;&#10;  (Session info: chrome=76.0.3809.132)&#10;Build info: version: '3.141.59', revision: 'e82be7d358', time: '2018-11-14T08:17:03'&#10;System info: host: '50HW014658', ip: '192.168.1.26', os.name: 'Windows 10', os.arch: 'amd64', os.version: '10.0', java.version: '1.8.0_202'&#10;Driver info: org.openqa.selenium.chrome.ChromeDriver&#10;Capabilities {acceptInsecureCerts: false, browserName: chrome, browserVersion: 76.0.3809.132, chrome: {chromedriverVersion: 75.0.3770.8 (681f24ea911fe7..., userDataDir: C:\Users\1074258\AppData\Lo...}, goog:chromeOptions: {debuggerAddress: localhost:53113}, javascriptEnabled: true, networkConnectionEnabled: false, pageLoadStrategy: normal, platform: XP, platformName: XP, proxy: Proxy(), setWindowRect: true, strictFileInteractability: false, timeouts: {implicit: 0, pageLoad: 300000, script: 30000}, unhandledPromptBehavior: dismiss and notify}&#10;Session ID: dc4f35437a09391883bc142e5fb5c626" type="org.openqa.selenium.ElementClickInterceptedException">element click intercepted: Element &lt;a href="#" class="ProductCard__buttons__button" id="ProductCard__add-to-cart"&gt;...&lt;/a&gt; is not clickable at point (605, 557). Other element would receive the click: &lt;div class="ProductCard__content__Instock"&gt;...&lt;/div&gt;
  (Session info: chrome=76.0.3809.132)
Build info: version: '3.141.59', revision: 'e82be7d358', time: '2018-11-14T08:17:03'
System info: host: '50HW014658', ip: '192.168.1.26', os.name: 'Windows 10', os.arch: 'amd64', os.version: '10.0', java.version: '1.8.0_202'
Driver info: org.openqa.selenium.chrome.ChromeDriver
Capabilities {acceptInsecureCerts: false, browserName: chrome, browserVersion: 76.0.3809.132, chrome: {chromedriverVersion: 75.0.3770.8 (681f24ea911fe7..., userDataDir: C:\Users\1074258\AppData\Lo...}, goog:chromeOptions: {debuggerAddress: localhost:53113}, javascriptEnabled: true, networkConnectionEnabled: false, pageLoadStrategy: normal, platform: XP, platformName: XP, proxy: Proxy(), setWindowRect: true, strictFileInteractability: false, timeouts: {implicit: 0, pageLoad: 300000, script: 30000}, unhandledPromptBehavior: dismiss and notify}
Session ID: dc4f35437a09391883bc142e5fb5c626</error><system-err>element click intercepted: Element &lt;a href="#" class="ProductCard__buttons__button" id="ProductCard__add-to-cart"&gt;...&lt;/a&gt; is not clickable at point (605, 557). Other element would receive the click: &lt;div class="ProductCard__content__Instock"&gt;...&lt;/div&gt;
  (Session info: chrome=76.0.3809.132)
Build info: version: '3.141.59', revision: 'e82be7d358', time: '2018-11-14T08:17:03'
System info: host: '50HW014658', ip: '192.168.1.26', os.name: 'Windows 10', os.arch: 'amd64', os.version: '10.0', java.version: '1.8.0_202'
Driver info: org.openqa.selenium.chrome.ChromeDriver
Capabilities {acceptInsecureCerts: false, browserName: chrome, browserVersion: 76.0.3809.132, chrome: {chromedriverVersion: 75.0.3770.8 (681f24ea911fe7..., userDataDir: C:\Users\1074258\AppData\Lo...}, goog:chromeOptions: {debuggerAddress: localhost:53113}, javascriptEnabled: true, networkConnectionEnabled: false, pageLoadStrategy: normal, platform: XP, platformName: XP, proxy: Proxy(), setWindowRect: true, strictFileInteractability: false, timeouts: {implicit: 0, pageLoad: 300000, script: 30000}, unhandledPromptBehavior: dismiss and notify}
Session ID: dc4f35437a09391883bc142e5fb5c626&#13;
com.google.www.task.buscarArticulo.performAs(buscarArticulo.java:31)&#13;
com.google.www.stepdefinitions.agregarTvStepDefinitions.buscaUnTelevisorEnElCatalogo(agregarTvStepDefinitions.java:40)&#13;
cucumber.runner.Runner.runPickle(Runner.java:80)&#13;
</system-err></testcase></testsuite>